商户管理端 测试失败摘要 (2025/10/13 09:10:37)
============================================================

失败测试数量: 9
提取到的错误详情: 18 个

1. src/services/__tests__/employeeService.test.ts
   测试套件: employeeService
   测试名称: batchImportEmployees > 应该成功批量导入员工
   错误信息: Test timed out in 10000ms.
   错误类型: test_failure

2. src/services/__tests__/employeeService.test.ts
   测试套件: employeeService
   测试名称: batchImportEmployees > 应该处理文件格式错误
   错误信息: Test timed out in 10000ms.
   错误类型: test_failure

3. src/services/__tests__/employeeService.test.ts
   测试套件: employeeService
   测试名称: batchImportEmployees > 应该处理文件过大
   错误信息: Test timed out in 10000ms.
   错误类型: test_failure

4. src/services/__tests__/employeeService.test.ts
   测试套件: employeeService
   测试名称: downloadTemplate > 应该处理模板下载失败
   错误信息: expected [Function] to throw error including '模板下载失败' but got '请求失败 (500)'
   错误类型: test_failure

5. src/services/__tests__/employeeService.test.ts
   测试套件: employeeService
   测试名称: exportEmployees > 应该处理导出失败
   错误信息: expected [Function] to throw error including '导出失败' but got '请求失败 (500)'
   错误类型: test_failure

6. src/components/__tests__/PermissionModal.test.tsx
   测试套件: PermissionModal
   测试名称: should display permission groups
   错误信息: Found multiple elements with the text: 空间访问权限
   错误类型: test_failure

7. src/components/__tests__/PermissionModal.test.tsx
   测试套件: PermissionModal
   测试名称: should show selected permissions count
   错误信息: Found multiple elements with the text: /已选择.*项权限/
   错误类型: test_failure

8. src/components/__tests__/PermissionModal.test.tsx
   测试套件: PermissionModal
   测试名称: should not render when visible is false
   错误信息: Found multiple elements with the text: 权限设置
   错误类型: test_failure

9. src/components/__tests__/PermissionModal.test.tsx
   测试套件: PermissionModal
   测试名称: should not render when employee is null
   错误信息: Error: Playwright Test did not expect test.describe() to be called here.
   错误类型: error

10. src/services/__tests__/employeeService.test.ts
   测试套件: employeeService
   测试名称: batchImportEmployees > 应该成功批量导入员工
   错误类型: test_failure

11. src/services/__tests__/employeeService.test.ts
   测试套件: employeeService
   测试名称: batchImportEmployees > 应该处理文件格式错误
   错误类型: test_failure

12. src/services/__tests__/employeeService.test.ts
   测试套件: employeeService
   测试名称: batchImportEmployees > 应该处理文件过大
   错误信息: Error: Test timed out in 10000ms.
   错误类型: error

13. src/services/__tests__/employeeService.test.ts
   测试套件: employeeService
   测试名称: downloadTemplate > 应该处理模板下载失败
   错误信息: AssertionError: expected [Function] to throw error including '模板下载失败' but got '请求失败 (500)'
   错误类型: assertion

14. src/services/__tests__/employeeService.test.ts
   测试套件: employeeService
   测试名称: exportEmployees > 应该处理导出失败
   错误信息: AssertionError: expected [Function] to throw error including '导出失败' but got '请求失败 (500)'
   错误类型: assertion

15. src/components/__tests__/PermissionModal.test.tsx
   测试套件: PermissionModal
   测试名称: should display permission groups
   错误信息: TestingLibraryElementError: Found multiple elements with the text: 空间访问权限
   错误类型: element_not_found

16. src/components/__tests__/PermissionModal.test.tsx
   测试套件: PermissionModal
   测试名称: should show selected permissions count
   错误信息: TestingLibraryElementError: Found multiple elements with the text: /已选择.*项权限/
   错误类型: element_not_found

17. src/components/__tests__/PermissionModal.test.tsx
   测试套件: PermissionModal
   测试名称: should not render when visible is false
   错误信息: TestingLibraryElementError: Found multiple elements with the text: 权限设置
   错误类型: element_not_found

18. src/components/__tests__/PermissionModal.test.tsx
   测试套件: PermissionModal
   测试名称: should not render when employee is null
   错误信息: TestingLibraryElementError: Found multiple elements with the text: 张三
   错误类型: element_not_found

------------------------------------------------------------
📄 完整测试日志: 2025-10-13-42444-test-execution.log
📄 详细错误日志: 2025-10-13-42444-test-errors.log
============================================================
