商户管理端 测试失败摘要 (2025/10/10 20:23:51)
============================================================

失败测试数量: 7
提取到的错误详情: 14 个

1. tests/unit/services/error-test.test.ts
   测试套件: 前端商户管理端错误测试
   测试名称: 应该故意失败 - 用户认证错误
   错误信息: expected null to be truthy
   错误类型: test_failure

2. tests/unit/services/error-test.test.ts
   测试套件: 前端商户管理端错误测试
   测试名称: 应该故意失败 - 数据验证错误
   错误信息: expected '' not to be '' // Object.is equality
   错误类型: test_failure

3. tests/unit/services/error-test.test.ts
   测试套件: 前端商户管理端错误测试
   测试名称: 应该故意失败 - 权限检查错误
   错误信息: expected 'employee' to be 'admin' // Object.is equality
   错误类型: test_failure

4. tests/unit/services/error-test.test.ts
   测试套件: 前端商户管理端错误测试
   测试名称: 应该故意失败 - 网络请求超时
   错误信息: → promise rejected "Error: 网络请求超时" instead of resolving
   错误类型: error

5. tests/unit/services/error-test.test.ts
   测试套件: 前端商户管理端错误测试
   测试名称: 应该故意失败 - 数据格式转换错误
   错误信息: → expected [Function] to not throw an error but 'SyntaxError: Expected property name o…' was thrown
   错误类型: error

6. src/components/__tests__/PermissionModal.test.tsx
   测试套件: PermissionModal
   测试名称: should render permission modal with employee info
   错误信息: Unable to find an element with the text: 技术部. This could be because the text is broken up by multiple elements. In this case, you can provide a function for your text matcher to make your matcher more flexible.
   错误类型: test_failure

7. src/components/__tests__/VisitorApprovalModal.test.tsx
   测试套件: VisitorApprovalModal
   测试名称: should render visitor approval modal with application info
   错误信息: Error: Playwright Test did not expect test.describe() to be called here.
   错误类型: error

8. src/components/__tests__/PermissionModal.test.tsx
   测试套件: PermissionModal
   测试名称: should render permission modal with employee info
   错误信息: TestingLibraryElementError: Unable to find an element with the text: 技术部. This could be because the text is broken up by multiple elements. In this case, you can provide a function for your text matcher to make your matcher more flexible.
   错误类型: element_not_found

9. src/components/__tests__/VisitorApprovalModal.test.tsx
   测试套件: VisitorApprovalModal
   测试名称: should render visitor approval modal with application info
   错误信息: TestingLibraryElementError: Found multiple elements with the text: 张三
   错误类型: element_not_found

10. tests/unit/services/error-test.test.ts
   测试套件: 前端商户管理端错误测试
   测试名称: 应该故意失败 - 用户认证错误
   错误信息: AssertionError: expected null to be truthy | - Expected:
   错误类型: assertion

11. tests/unit/services/error-test.test.ts
   测试套件: 前端商户管理端错误测试
   测试名称: 应该故意失败 - 数据验证错误
   错误信息: AssertionError: expected '' not to be '' // Object.is equality
   错误类型: assertion

12. tests/unit/services/error-test.test.ts
   测试套件: 前端商户管理端错误测试
   测试名称: 应该故意失败 - 权限检查错误
   错误信息: AssertionError: expected 'employee' to be 'admin' // Object.is equality
   错误类型: assertion

13. tests/unit/services/error-test.test.ts
   测试套件: 前端商户管理端错误测试
   测试名称: 应该故意失败 - 网络请求超时
   错误信息: Caused by: Error: 网络请求超时
   错误类型: error

14. tests/unit/services/error-test.test.ts
   测试套件: 前端商户管理端错误测试
   测试名称: 应该故意失败 - 数据格式转换错误
   错误信息: "SyntaxError: Expected property name or '}' in JSON at position 2 (line 1 column 3)"
   错误类型: error

------------------------------------------------------------
📄 完整测试日志: 2025-10-10-33368-test-execution.log
📄 详细错误日志: 2025-10-10-33368-test-errors.log
============================================================
